<?xml version="1.0" encoding="UTF-8"?>
<testng-results ignored="0" total="1" passed="1" failed="0" skipped="0">
  <reporter-output>
  </reporter-output>
  <suite started-at="2022-09-07T16:58:37 IST" name="Default suite" finished-at="2022-09-07T16:58:53 IST" duration-ms="15238">
    <groups>
    </groups>
    <test started-at="2022-09-07T16:58:37 IST" name="Default test" finished-at="2022-09-07T16:58:53 IST" duration-ms="15238">
      <class name="crudOperationUsingGenericUtilities.EndToEndTesting">
        <test-method signature="eee()[pri:0, instance:crudOperationUsingGenericUtilities.EndToEndTesting@2e6a8155]" started-at="2022-09-07T16:58:37 IST" name="eee" finished-at="2022-09-07T16:58:53 IST" duration-ms="15157" status="PASS">
          <reporter-output>
          </reporter-output>
        </test-method> <!-- eee -->
      </class> <!-- crudOperationUsingGenericUtilities.EndToEndTesting -->
    </test> <!-- Default test -->
  </suite> <!-- Default suite -->
</testng-results>
